<?xml version='1.0' encoding='UTF-8'?>
<testsuite hostname="DESKTOP-2U75T5U" name="BeerSongTest" tests="8" errors="0" failures="0" skipped="1" time="0.036" timestamp="2019-09-16T15:30:00">
                     <properties>
      <property name="awt.toolkit" value="sun.awt.windows.WToolkit"/><property name="java.specification.version" value="11"/><property name="sun.cpu.isalist" value="amd64"/><property name="sun.jnu.encoding" value="Cp1252"/><property name="sun.arch.data.model" value="64"/><property name="sbt.supershell" value="false"/><property name="java.vendor.url" value="http://java.oracle.com/"/><property name="sun.boot.library.path" value="C:\Program Files\Java\jdk-11.0.3\bin"/><property name="sun.java.command" value="C:\Users\Johnleonard\.IdeaIC2019.2\config\plugins\Scala\launcher\sbt-launch.jar --addPluginSbtFile=C:\Users\Johnleonard\AppData\Local\Temp\idea3.sbt ; set ideaPort in Global := 52503 ; idea-shell"/><property name="jdk.debug" value="release"/><property name="sun.stderr.encoding" value="cp437"/><property name="java.specification.vendor" value="Oracle Corporation"/><property name="java.version.date" value="2019-04-16"/><property name="java.home" value="C:\Program Files\Java\jdk-11.0.3"/><property name="file.separator" value="\"/><property name="java.vm.compressedOopsMode" value="32-bit"/><property name="line.separator" value="
"/><property name="sun.stdout.encoding" value="cp437"/><property name="java.specification.name" value="Java Platform API Specification"/><property name="java.vm.specification.vendor" value="Oracle Corporation"/><property name="user.script" value=""/><property name="sun.management.compiler" value="HotSpot 64-Bit Tiered Compilers"/><property name="java.runtime.version" value="11.0.3+12-LTS"/><property name="user.name" value="Johnleonard"/><property name="log4j.ignoreTCL" value="true"/><property name="file.encoding" value="UTF-8"/><property name="jnidispatch.path" value="C:\Users\Johnleonard\AppData\Local\Temp\jna--666092880\jna12241040245784583289.dll"/><property name="java.vendor.version" value="18.9"/><property name="jna.loaded" value="true"/><property name="java.io.tmpdir" value="C:\Users\Johnleonard\AppData\Local\Temp\"/><property name="java.version" value="11.0.3"/><property name="java.vm.specification.name" value="Java Virtual Machine Specification"/><property name="java.awt.printerjob" value="sun.awt.windows.WPrinterJob"/><property name="sun.os.patch.level" value=""/><property name="java.library.path" value="C:\Program Files\Java\jdk-11.0.3\bin;C:\WINDOWS\Sun\Java\bin;C:\WINDOWS\system32;C:\WINDOWS;C:\Program Files (x86)\Common Files\Oracle\Java\javapath;C:\Program Files\Intel\iCLS Client\;C:\Windows\system32;C:\Windows;C:\Windows\System32\Wbem;C:\Windows\System32\WindowsPowerShell\v1.0\;C:\Program Files (x86)\NVIDIA Corporation\PhysX\Common;C:\WINDOWS\system32;C:\WINDOWS;C:\WINDOWS\System32\Wbem;C:\WINDOWS\System32\WindowsPowerShell\v1.0\;C:\WINDOWS\System32\OpenSSH\;C:\Program Files\PuTTY\;C:\Program Files\Git\cmd;C:\Program Files (x86)\Windows Kits\8.1\Windows Performance Toolkit\;C:\Program Files (x86)\Intel\Intel(R) Management Engine Components\DAL;C:\Program Files\Intel\Intel(R) Management Engine Components\DAL;C:\Program Files (x86)\scala\bin;C:\Program Files (x86)\sbt\bin;C:\Ruby26-x64\bin;C:\Users\Johnleonard\AppData\Local\Microsoft\WindowsApps;C:\Users\Johnleonard\AppData\Local\Programs\Python\Python37;C:\Users\Johnleonard\AppData\Local\Programs\Python\Python37\Scripts;C:\Program Files\chromedriver_win32;C:\Program Files (x86)\Common Files\Oracle\Java\javapath;C:\Program Files\JetBrains\PyCharm 2018.3.1\bin;;C:\Program Files\JetBrains\PyCharm Community Edition 2019.1.2\bin;;C:\Program Files\JetBrains\IntelliJ IDEA Community Edition 2019.2\bin;;C:\Program Files\wkhtmltopdf\bin;C:\Program Files (x86)\sbt\bin;;."/><property name="java.vendor" value="Oracle Corporation"/><property name="sun.io.unicode.encoding" value="UnicodeLittle"/><property name="sun.desktop" value="windows"/><property name="java.class.path" value="C:\Users\Johnleonard\.IdeaIC2019.2\config\plugins\Scala\launcher\sbt-launch.jar"/><property name="java.vm.vendor" value="Oracle Corporation"/><property name="user.variant" value=""/><property name="jline.shutdownhook" value="false"/><property name="user.timezone" value="Europe/Helsinki"/><property name="os.name" value="Windows 10"/><property name="java.vm.specification.version" value="11"/><property name="sun.java.launcher" value="SUN_STANDARD"/><property name="user.country" value="US"/><property name="sun.cpu.endian" value="little"/><property name="user.home" value="C:\Users\Johnleonard"/><property name="user.language" value="en"/><property name="swoval.tmpdir" value="C:\Users\Johnleonard\.sbt\1.0"/><property name="java.awt.graphicsenv" value="sun.awt.Win32GraphicsEnvironment"/><property name="jline.esc.timeout" value="0"/><property name="path.separator" value=";"/><property name="os.version" value="10.0"/><property name="jna.nosys" value="true"/><property name="java.runtime.name" value="Java(TM) SE Runtime Environment"/><property name="sbt.log.noformat" value="true"/><property name="java.vm.name" value="Java HotSpot(TM) 64-Bit Server VM"/><property name="java.vendor.url.bug" value="http://bugreport.java.com/bugreport/"/><property name="user.dir" value="C:\Users\Johnleonard\Exercism\scala\beer-song"/><property name="os.arch" value="amd64"/><property name="idea.managed" value="true"/><property name="java.vm.info" value="mixed mode"/><property name="java.vm.version" value="11.0.3+12-LTS"/><property name="java.class.version" value="55.0"/>
    </properties>
                     <testcase classname="BeerSongTest" name="first generic verse" time="0.029">
                                                 
                                               </testcase><testcase classname="BeerSongTest" name="last generic verse" time="0.001">
                                                 
                                               </testcase><testcase classname="BeerSongTest" name="verse with 2 bottles" time="0.001">
                                                 
                                               </testcase><testcase classname="BeerSongTest" name="verse with 1 bottle" time="0.001">
                                                 
                                               </testcase><testcase classname="BeerSongTest" name="verse with 0 bottles" time="0.001">
                                                 
                                               </testcase><testcase classname="BeerSongTest" name="first two verses" time="0.001">
                                                 
                                               </testcase><testcase classname="BeerSongTest" name="last three verses" time="0.001">
                                                 
                                               </testcase><testcase classname="BeerSongTest" name="all verses" time="0.001">
                                                 <skipped/>
                                               </testcase>
                     <system-out><![CDATA[]]></system-out>
                     <system-err><![CDATA[]]></system-err>
                   </testsuite>